<?xml version="1.0" encoding="UTF-8"?>
<testng-results skipped="0" failed="0" ignored="0" total="1" passed="1">
  <reporter-output>
  </reporter-output>
  <suite name="Default suite" duration-ms="71" started-at="2019-11-22T05:35:57 UTC" finished-at="2019-11-22T05:35:57 UTC">
    <groups>
    </groups>
    <test name="Default test" duration-ms="71" started-at="2019-11-22T05:35:57 UTC" finished-at="2019-11-22T05:35:57 UTC">
      <class name="HelloWorld">
        <test-method status="PASS" signature="runTest()[pri:0, instance:HelloWorld@1e127982]" name="runTest" duration-ms="12" started-at="2019-11-22T05:35:57 UTC" finished-at="2019-11-22T05:35:57 UTC">
          <reporter-output>
          </reporter-output>
        </test-method> <!-- runTest -->
      </class> <!-- HelloWorld -->
    </test> <!-- Default test -->
  </suite> <!-- Default suite -->
</testng-results>
